<?xml version="1.0" encoding="UTF-8"?>
<testng-results skipped="0" failed="0" ignored="0" total="1" passed="1">
  <reporter-output>
    <line>
      <![CDATA[<div "result">Navigate through the menu (PASSED : 1s)</div>]]>
    </line>
    <line>
      <![CDATA[<div "result">Enter division name (PASSED : 0s)</div>]]>
    </line>
    <line>
      <![CDATA[<div "result">Press Add Item Button (PASSED : 0s)</div>]]>
    </line>
    <line>
      <![CDATA[<div "result">Enter multiple Alternate division name (PASSED : 0s)</div>]]>
    </line>
    <line>
      <![CDATA[<div "result">Press Add Button (PASSED : 0s)</div>]]>
    </line>
    <line>
      <![CDATA[<div "result">Press Previous button (PASSED : 0s)</div>]]>
    </line>
    <line>
      <![CDATA[<div "result">Press Update button (PASSED : 0s)</div>]]>
    </line>
    <line>
      <![CDATA[<div "result">Press EndofJob button (PASSED : 0s)</div>]]>
    </line>
    <line>
      <![CDATA[<div "result">return to main menu (PASSED : 0s)</div>]]>
    </line>
  </reporter-output>
  <suite name="Surefire suite" duration-ms="15065" started-at="2018-02-16T11:31:48Z" finished-at="2018-02-16T11:32:03Z">
    <groups>
      <group name="cucumber">
        <method signature="AbstractTestNGCucumberTests.runScenario(cucumber.api.testng.PickleEventWrapper, cucumber.api.testng.CucumberFeatureWrapper)[pri:0, instance:runner.MainRunner@59e84876]" name="runScenario" class="cucumber.api.testng.AbstractTestNGCucumberTests"/>
      </group> <!-- cucumber -->
    </groups>
    <test name="Surefire test" duration-ms="15065" started-at="2018-02-16T11:31:48Z" finished-at="2018-02-16T11:32:03Z">
      <class name="runner.MainRunner">
        <test-method status="PASS" signature="setUpClass()[pri:0, instance:runner.MainRunner@59e84876]" name="setUpClass" is-config="true" duration-ms="358" started-at="2018-02-16T17:01:48Z" finished-at="2018-02-16T17:01:49Z">
          <reporter-output>
          </reporter-output>
        </test-method> <!-- setUpClass -->
        <test-method status="PASS" signature="runScenario(cucumber.api.testng.PickleEventWrapper, cucumber.api.testng.CucumberFeatureWrapper)[pri:0, instance:runner.MainRunner@59e84876]" name="runScenario" duration-ms="14611" started-at="2018-02-16T17:01:49Z" description="Runs Cucumber Scenarios" data-provider="scenarios" finished-at="2018-02-16T17:02:03Z">
          <params>
            <param index="0">
              <value>
                <![CDATA["To test the stepwise program process"]]>
              </value>
            </param>
            <param index="1">
              <value>
                <![CDATA["To test the functionality of program FD494"]]>
              </value>
            </param>
          </params>
          <reporter-output>
            <line>
              <![CDATA[<div "result">Navigate through the menu (PASSED : 1s)</div>]]>
            </line>
            <line>
              <![CDATA[<div "result">Enter division name (PASSED : 0s)</div>]]>
            </line>
            <line>
              <![CDATA[<div "result">Press Add Item Button (PASSED : 0s)</div>]]>
            </line>
            <line>
              <![CDATA[<div "result">Enter multiple Alternate division name (PASSED : 0s)</div>]]>
            </line>
            <line>
              <![CDATA[<div "result">Press Add Button (PASSED : 0s)</div>]]>
            </line>
            <line>
              <![CDATA[<div "result">Press Previous button (PASSED : 0s)</div>]]>
            </line>
            <line>
              <![CDATA[<div "result">Press Update button (PASSED : 0s)</div>]]>
            </line>
            <line>
              <![CDATA[<div "result">Press EndofJob button (PASSED : 0s)</div>]]>
            </line>
            <line>
              <![CDATA[<div "result">return to main menu (PASSED : 0s)</div>]]>
            </line>
          </reporter-output>
        </test-method> <!-- runScenario -->
        <test-method status="PASS" signature="tearDownClass()[pri:0, instance:runner.MainRunner@59e84876]" name="tearDownClass" is-config="true" duration-ms="18" started-at="2018-02-16T17:02:03Z" finished-at="2018-02-16T17:02:03Z">
          <reporter-output>
          </reporter-output>
        </test-method> <!-- tearDownClass -->
      </class> <!-- runner.MainRunner -->
    </test> <!-- Surefire test -->
  </suite> <!-- Surefire suite -->
</testng-results>
